[2021-08-03 12:34:09] app.INFO: Protect vendor folder in module contactform [] []
[2021-08-03 12:34:09] app.INFO: Module contactform has no vendor folder [] []
[2021-08-03 12:34:11] app.INFO: Protect vendor folder in module dashactivity [] []
[2021-08-03 12:34:11] app.INFO: Module dashactivity has no vendor folder [] []
[2021-08-03 12:34:15] app.INFO: Protect vendor folder in module dashgoals [] []
[2021-08-03 12:34:15] app.INFO: Module dashgoals has no vendor folder [] []
[2021-08-03 12:34:16] app.INFO: Protect vendor folder in module dashproducts [] []
[2021-08-03 12:34:16] app.INFO: Module dashproducts has no vendor folder [] []
[2021-08-03 12:34:17] app.INFO: Protect vendor folder in module dashtrends [] []
[2021-08-03 12:34:17] app.INFO: Module dashtrends has no vendor folder [] []
[2021-08-03 12:34:17] app.INFO: Protect vendor folder in module graphnvd3 [] []
[2021-08-03 12:34:17] app.INFO: Module graphnvd3 has no vendor folder [] []
[2021-08-03 12:34:18] app.INFO: Protect vendor folder in module gridhtml [] []
[2021-08-03 12:34:18] app.INFO: Module gridhtml has no vendor folder [] []
[2021-08-03 12:34:20] app.INFO: Protect vendor folder in module gsitemap [] []
[2021-08-03 12:34:20] app.INFO: Module gsitemap has no vendor folder [] []
[2021-08-03 12:34:21] app.INFO: Protect vendor folder in module pagesnotfound [] []
[2021-08-03 12:34:21] app.INFO: Module pagesnotfound has no vendor folder [] []
[2021-08-03 12:34:25] app.INFO: Protect vendor folder in module productcomments [] []
[2021-08-03 12:34:25] app.INFO: Module productcomments has no vendor folder [] []
[2021-08-03 12:34:26] app.INFO: Protect vendor folder in module ps_banner [] []
[2021-08-03 12:34:26] app.INFO: Module ps_banner has no vendor folder [] []
[2021-08-03 12:34:27] app.INFO: Protect vendor folder in module ps_categorytree [] []
[2021-08-03 12:34:27] app.INFO: Module ps_categorytree has no vendor folder [] []
[2021-08-03 12:34:29] app.INFO: Protect vendor folder in module ps_checkpayment [] []
[2021-08-03 12:34:29] app.INFO: Module ps_checkpayment has no vendor folder [] []
[2021-08-03 12:34:30] app.INFO: Protect vendor folder in module ps_contactinfo [] []
[2021-08-03 12:34:30] app.INFO: Module ps_contactinfo has no vendor folder [] []
[2021-08-03 12:34:31] app.INFO: Protect vendor folder in module ps_crossselling [] []
[2021-08-03 12:34:31] app.INFO: Module ps_crossselling has no vendor folder [] []
[2021-08-03 12:34:32] app.INFO: Protect vendor folder in module ps_currencyselector [] []
[2021-08-03 12:34:32] app.INFO: Module ps_currencyselector has no vendor folder [] []
[2021-08-03 12:34:33] app.INFO: Protect vendor folder in module ps_customeraccountlinks [] []
[2021-08-03 12:34:33] app.INFO: Module ps_customeraccountlinks has no vendor folder [] []
[2021-08-03 12:34:33] app.INFO: Protect vendor folder in module ps_customersignin [] []
[2021-08-03 12:34:33] app.INFO: Module ps_customersignin has no vendor folder [] []
[2021-08-03 12:34:36] app.INFO: Protect vendor folder in module ps_customtext [] []
[2021-08-03 12:34:36] app.INFO: Module ps_customtext has no vendor folder [] []
[2021-08-03 12:34:37] app.INFO: Protect vendor folder in module ps_dataprivacy [] []
[2021-08-03 12:34:37] app.INFO: Module ps_dataprivacy has no vendor folder [] []
[2021-08-03 12:34:39] app.INFO: Protect vendor folder in module ps_emailsubscription [] []
[2021-08-03 12:34:39] app.INFO: Module ps_emailsubscription has no vendor folder [] []
[2021-08-03 12:34:48] app.INFO: Protect vendor folder in module ps_facetedsearch [] []
[2021-08-03 12:34:48] app.INFO: Module ps_facetedsearch has no vendor folder [] []
[2021-08-03 12:34:49] app.INFO: Protect vendor folder in module ps_faviconnotificationbo [] []
[2021-08-03 12:34:49] app.INFO: Module ps_faviconnotificationbo has no vendor folder [] []
[2021-08-03 12:34:50] app.INFO: Protect vendor folder in module ps_featuredproducts [] []
[2021-08-03 12:34:51] app.INFO: Module ps_featuredproducts has no vendor folder [] []
[2021-08-03 12:34:53] app.INFO: Protect vendor folder in module ps_imageslider [] []
[2021-08-03 12:34:54] app.INFO: Module ps_imageslider has no vendor folder [] []
[2021-08-03 12:34:54] app.INFO: Protect vendor folder in module ps_languageselector [] []
[2021-08-03 12:34:54] app.INFO: Module ps_languageselector has no vendor folder [] []
[2021-08-03 12:34:56] app.INFO: Protect vendor folder in module ps_linklist [] []
[2021-08-03 12:34:57] app.INFO: Module ps_linklist has no vendor folder [] []
[2021-08-03 12:34:57] app.ERROR: Cannot register tab "AdminLinkWidget" because it already exists [] []
[2021-08-03 12:34:59] app.INFO: Protect vendor folder in module ps_mainmenu [] []
[2021-08-03 12:34:59] app.INFO: Module ps_mainmenu has no vendor folder [] []
[2021-08-03 12:35:00] app.INFO: Protect vendor folder in module ps_searchbar [] []
[2021-08-03 12:35:00] app.INFO: Module ps_searchbar has no vendor folder [] []
[2021-08-03 12:35:01] app.INFO: Protect vendor folder in module ps_sharebuttons [] []
[2021-08-03 12:35:01] app.INFO: Module ps_sharebuttons has no vendor folder [] []
[2021-08-03 12:35:02] app.INFO: Protect vendor folder in module ps_shoppingcart [] []
[2021-08-03 12:35:02] app.INFO: Module ps_shoppingcart has no vendor folder [] []
[2021-08-03 12:35:03] app.INFO: Protect vendor folder in module ps_socialfollow [] []
[2021-08-03 12:35:03] app.INFO: Module ps_socialfollow has no vendor folder [] []
[2021-08-03 12:35:06] app.INFO: Protect vendor folder in module ps_themecusto [] []
[2021-08-03 12:35:06] app.INFO: Module ps_themecusto has no vendor folder [] []
[2021-08-03 12:35:08] app.INFO: Protect vendor folder in module ps_wirepayment [] []
[2021-08-03 12:35:08] app.INFO: Module ps_wirepayment has no vendor folder [] []
[2021-08-03 12:35:09] app.INFO: Protect vendor folder in module sekeywords [] []
[2021-08-03 12:35:09] app.INFO: Module sekeywords has no vendor folder [] []
[2021-08-03 12:35:09] app.INFO: Protect vendor folder in module statsbestcategories [] []
[2021-08-03 12:35:09] app.INFO: Module statsbestcategories has no vendor folder [] []
[2021-08-03 12:35:10] app.INFO: Protect vendor folder in module statsbestcustomers [] []
[2021-08-03 12:35:10] app.INFO: Module statsbestcustomers has no vendor folder [] []
[2021-08-03 12:35:11] app.INFO: Protect vendor folder in module statsbestproducts [] []
[2021-08-03 12:35:11] app.INFO: Module statsbestproducts has no vendor folder [] []
[2021-08-03 12:35:12] app.INFO: Protect vendor folder in module statsbestsuppliers [] []
[2021-08-03 12:35:12] app.INFO: Module statsbestsuppliers has no vendor folder [] []
[2021-08-03 12:35:12] app.INFO: Protect vendor folder in module statsbestvouchers [] []
[2021-08-03 12:35:12] app.INFO: Module statsbestvouchers has no vendor folder [] []
[2021-08-03 12:35:13] app.INFO: Protect vendor folder in module statscarrier [] []
[2021-08-03 12:35:13] app.INFO: Module statscarrier has no vendor folder [] []
[2021-08-03 12:35:14] app.INFO: Protect vendor folder in module statscatalog [] []
[2021-08-03 12:35:14] app.INFO: Module statscatalog has no vendor folder [] []
[2021-08-03 12:35:14] app.INFO: Protect vendor folder in module statscheckup [] []
[2021-08-03 12:35:14] app.INFO: Module statscheckup has no vendor folder [] []
[2021-08-03 12:35:15] app.INFO: Protect vendor folder in module statsdata [] []
[2021-08-03 12:35:15] app.INFO: Module statsdata has no vendor folder [] []
[2021-08-03 12:35:16] app.INFO: Protect vendor folder in module statsequipment [] []
[2021-08-03 12:35:16] app.INFO: Module statsequipment has no vendor folder [] []
[2021-08-03 12:35:16] app.INFO: Protect vendor folder in module statsforecast [] []
[2021-08-03 12:35:16] app.INFO: Module statsforecast has no vendor folder [] []
[2021-08-03 12:35:17] app.INFO: Protect vendor folder in module statslive [] []
[2021-08-03 12:35:17] app.INFO: Module statslive has no vendor folder [] []
[2021-08-03 12:35:18] app.INFO: Protect vendor folder in module statsnewsletter [] []
[2021-08-03 12:35:18] app.INFO: Module statsnewsletter has no vendor folder [] []
[2021-08-03 12:35:18] app.INFO: Protect vendor folder in module statsorigin [] []
[2021-08-03 12:35:19] app.INFO: Module statsorigin has no vendor folder [] []
[2021-08-03 12:35:19] app.INFO: Protect vendor folder in module statspersonalinfos [] []
[2021-08-03 12:35:19] app.INFO: Module statspersonalinfos has no vendor folder [] []
[2021-08-03 12:35:20] app.INFO: Protect vendor folder in module statsproduct [] []
[2021-08-03 12:35:20] app.INFO: Module statsproduct has no vendor folder [] []
[2021-08-03 12:35:21] app.INFO: Protect vendor folder in module statsregistrations [] []
[2021-08-03 12:35:21] app.INFO: Module statsregistrations has no vendor folder [] []
[2021-08-03 12:35:21] app.INFO: Protect vendor folder in module statssales [] []
[2021-08-03 12:35:21] app.INFO: Module statssales has no vendor folder [] []
[2021-08-03 12:35:22] app.INFO: Protect vendor folder in module statssearch [] []
[2021-08-03 12:35:22] app.INFO: Module statssearch has no vendor folder [] []
[2021-08-03 12:35:23] app.INFO: Protect vendor folder in module statsstock [] []
[2021-08-03 12:35:23] app.INFO: Module statsstock has no vendor folder [] []
[2021-08-03 12:35:23] app.INFO: Protect vendor folder in module statsvisits [] []
[2021-08-03 12:35:23] app.INFO: Module statsvisits has no vendor folder [] []
[2021-08-03 12:35:25] app.INFO: Protect vendor folder in module welcome [] []
[2021-08-03 12:35:25] app.INFO: Module welcome has no vendor folder [] []
[2021-08-03 12:35:26] app.INFO: Exporting mail with theme modern for language English (English) [] []
[2021-08-03 12:35:26] app.INFO: Core output folder: /home1/lamppp/htdocs/prestashop/mails [] []
[2021-08-03 12:35:26] app.INFO: Modules output folder: /home1/lamppp/htdocs/prestashop/modules/ [] []
[2021-08-04 06:39:42] request.INFO: Matched route "admin_module_manage_action". {"route":"admin_module_manage_action","route_parameters":{"_controller":"PrestaShopBundle\\Controller\\Admin\\Improve\\ModuleController::moduleAction","action":"install","module_name":"teammodule","_route":"admin_module_manage_action"},"request_uri":"http://localhost/prestashop/adminaccess/index.php/improve/modules/manage/action/install/teammodule?_token=p3RcGV6Bvl3ytIzbpi98W3Eze0GG83t_aCh2BZ4HmWU","method":"POST"} []
[2021-08-04 06:39:42] security.DEBUG: Read existing security token from the session. {"key":"_security_main","token_class":"Symfony\\Component\\Security\\Core\\Authentication\\Token\\UsernamePasswordToken"} []
[2021-08-04 06:39:42] security.DEBUG: User was reloaded from a user provider. {"provider":"PrestaShopBundle\\Security\\Admin\\EmployeeProvider","username":"robbie@123789.org"} []
[2021-08-04 06:39:46] request.CRITICAL: Uncaught PHP Exception Symfony\Component\Debug\Exception\UndefinedMethodException: "Attempted to call an undefined method named "SmartHookInsert" of class "teammodule"." at /home1/lamppp/htdocs/prestashop/modules/teammodule/teammodule.php line 29 {"exception":"[object] (Symfony\\Component\\Debug\\Exception\\UndefinedMethodException(code: 0): Attempted to call an undefined method named \"SmartHookInsert\" of class \"teammodule\". at /home1/lamppp/htdocs/prestashop/modules/teammodule/teammodule.php:29)"} []
[2021-08-04 06:39:46] security.DEBUG: Stored the security token in the session. {"key":"_security_main"} []
[2021-08-04 08:09:48] request.CRITICAL: Uncaught PHP Exception Symfony\Component\Debug\Exception\FatalThrowableError: "Parse error: syntax error, unexpected 'echo' (T_ECHO), expecting function (T_FUNCTION) or const (T_CONST)" at /home1/lamppp/htdocs/prestashop/modules/teammodule/controllers/admin/AdminTeamAdd.php line 2 {"exception":"[object] (Symfony\\Component\\Debug\\Exception\\FatalThrowableError(code: 0): Parse error: syntax error, unexpected 'echo' (T_ECHO), expecting function (T_FUNCTION) or const (T_CONST) at /home1/lamppp/htdocs/prestashop/modules/teammodule/controllers/admin/AdminTeamAdd.php:2)"} []
[2021-08-04 08:09:56] request.CRITICAL: Uncaught PHP Exception Symfony\Component\Debug\Exception\FatalThrowableError: "Parse error: syntax error, unexpected 'echo' (T_ECHO), expecting function (T_FUNCTION) or const (T_CONST)" at /home1/lamppp/htdocs/prestashop/modules/teammodule/controllers/admin/AdminTeamAdd.php line 2 {"exception":"[object] (Symfony\\Component\\Debug\\Exception\\FatalThrowableError(code: 0): Parse error: syntax error, unexpected 'echo' (T_ECHO), expecting function (T_FUNCTION) or const (T_CONST) at /home1/lamppp/htdocs/prestashop/modules/teammodule/controllers/admin/AdminTeamAdd.php:2)"} []
[2021-08-09 06:26:58] request.INFO: Matched route "admin_module_manage_action". {"route":"admin_module_manage_action","route_parameters":{"_controller":"PrestaShopBundle\\Controller\\Admin\\Improve\\ModuleController::moduleAction","action":"reset","module_name":"teammodule","_route":"admin_module_manage_action"},"request_uri":"http://localhost/prestashop/adminaccess/index.php/improve/modules/manage/action/reset/teammodule?_token=fROiMjTLZxBjDvi5XpwGxhXGl9uLxoIIrOQTkztpsI0","method":"POST"} []
[2021-08-09 06:26:58] security.DEBUG: Read existing security token from the session. {"key":"_security_main","token_class":"Symfony\\Component\\Security\\Core\\Authentication\\Token\\UsernamePasswordToken"} []
[2021-08-09 06:26:58] security.DEBUG: User was reloaded from a user provider. {"provider":"PrestaShopBundle\\Security\\Admin\\EmployeeProvider","username":"robbie@123789.org"} []
[2021-08-09 06:26:58] app.ERROR: Exception thrown by module teammodule on reset. You are not allowed to reset the module teammodule. [] []
[2021-08-09 06:26:58] security.DEBUG: Stored the security token in the session. {"key":"_security_main"} []
[2021-08-09 06:27:07] request.INFO: Matched route "admin_module_manage_action". {"route":"admin_module_manage_action","route_parameters":{"_controller":"PrestaShopBundle\\Controller\\Admin\\Improve\\ModuleController::moduleAction","action":"reset","module_name":"teammodule","_route":"admin_module_manage_action"},"request_uri":"http://localhost/prestashop/adminaccess/index.php/improve/modules/manage/action/reset/teammodule?_token=fROiMjTLZxBjDvi5XpwGxhXGl9uLxoIIrOQTkztpsI0","method":"POST"} []
[2021-08-09 06:27:07] security.DEBUG: Read existing security token from the session. {"key":"_security_main","token_class":"Symfony\\Component\\Security\\Core\\Authentication\\Token\\UsernamePasswordToken"} []
[2021-08-09 06:27:07] security.DEBUG: User was reloaded from a user provider. {"provider":"PrestaShopBundle\\Security\\Admin\\EmployeeProvider","username":"robbie@123789.org"} []
[2021-08-09 06:27:07] app.ERROR: Exception thrown by module teammodule on reset. You are not allowed to reset the module teammodule. [] []
[2021-08-09 06:27:07] security.DEBUG: Stored the security token in the session. {"key":"_security_main"} []
[2021-08-09 06:27:14] request.INFO: Matched route "admin_module_manage_action". {"route":"admin_module_manage_action","route_parameters":{"_controller":"PrestaShopBundle\\Controller\\Admin\\Improve\\ModuleController::moduleAction","action":"uninstall","module_name":"teammodule","_route":"admin_module_manage_action"},"request_uri":"http://localhost/prestashop/adminaccess/index.php/improve/modules/manage/action/uninstall/teammodule?_token=fROiMjTLZxBjDvi5XpwGxhXGl9uLxoIIrOQTkztpsI0","method":"POST"} []
[2021-08-09 06:27:14] security.DEBUG: Read existing security token from the session. {"key":"_security_main","token_class":"Symfony\\Component\\Security\\Core\\Authentication\\Token\\UsernamePasswordToken"} []
[2021-08-09 06:27:14] security.DEBUG: User was reloaded from a user provider. {"provider":"PrestaShopBundle\\Security\\Admin\\EmployeeProvider","username":"robbie@123789.org"} []
[2021-08-09 06:27:15] app.ERROR: Exception thrown by module teammodule on uninstall. You are not allowed to uninstall the module teammodule. [] []
[2021-08-09 06:27:15] security.DEBUG: Stored the security token in the session. {"key":"_security_main"} []
[2021-08-09 06:30:48] request.INFO: Matched route "admin_module_manage_action". {"route":"admin_module_manage_action","route_parameters":{"_controller":"PrestaShopBundle\\Controller\\Admin\\Improve\\ModuleController::moduleAction","action":"disable","module_name":"teammodule","_route":"admin_module_manage_action"},"request_uri":"http://localhost/prestashop/adminaccess/index.php/improve/modules/manage/action/disable/teammodule?_token=fROiMjTLZxBjDvi5XpwGxhXGl9uLxoIIrOQTkztpsI0","method":"POST"} []
[2021-08-09 06:30:48] security.DEBUG: Read existing security token from the session. {"key":"_security_main","token_class":"Symfony\\Component\\Security\\Core\\Authentication\\Token\\UsernamePasswordToken"} []
[2021-08-09 06:30:48] security.DEBUG: User was reloaded from a user provider. {"provider":"PrestaShopBundle\\Security\\Admin\\EmployeeProvider","username":"robbie@123789.org"} []
[2021-08-09 06:30:48] app.ERROR: Exception thrown by module teammodule on disable. You are not allowed to disable the module teammodule. [] []
[2021-08-09 06:30:48] security.DEBUG: Stored the security token in the session. {"key":"_security_main"} []
[2021-08-09 06:30:51] request.INFO: Matched route "admin_module_manage_action". {"route":"admin_module_manage_action","route_parameters":{"_controller":"PrestaShopBundle\\Controller\\Admin\\Improve\\ModuleController::moduleAction","action":"uninstall","module_name":"teammodule","_route":"admin_module_manage_action"},"request_uri":"http://localhost/prestashop/adminaccess/index.php/improve/modules/manage/action/uninstall/teammodule?_token=fROiMjTLZxBjDvi5XpwGxhXGl9uLxoIIrOQTkztpsI0","method":"POST"} []
[2021-08-09 06:30:51] security.DEBUG: Read existing security token from the session. {"key":"_security_main","token_class":"Symfony\\Component\\Security\\Core\\Authentication\\Token\\UsernamePasswordToken"} []
[2021-08-09 06:30:51] security.DEBUG: User was reloaded from a user provider. {"provider":"PrestaShopBundle\\Security\\Admin\\EmployeeProvider","username":"robbie@123789.org"} []
[2021-08-09 06:30:51] app.ERROR: Exception thrown by module teammodule on uninstall. You are not allowed to uninstall the module teammodule. [] []
[2021-08-09 06:30:51] security.DEBUG: Stored the security token in the session. {"key":"_security_main"} []
[2021-08-09 07:17:28] request.CRITICAL: Uncaught PHP Exception Symfony\Component\Debug\Exception\FatalThrowableError: "Call to a member function trans() on null" at /home1/lamppp/htdocs/prestashop/classes/controller/AdminController.php line 2749 {"exception":"[object] (Symfony\\Component\\Debug\\Exception\\FatalThrowableError(code: 0): Call to a member function trans() on null at /home1/lamppp/htdocs/prestashop/classes/controller/AdminController.php:2749)"} []
[2021-08-09 07:17:48] request.CRITICAL: Uncaught PHP Exception Symfony\Component\Debug\Exception\FatalThrowableError: "Call to a member function trans() on null" at /home1/lamppp/htdocs/prestashop/classes/controller/AdminController.php line 2749 {"exception":"[object] (Symfony\\Component\\Debug\\Exception\\FatalThrowableError(code: 0): Call to a member function trans() on null at /home1/lamppp/htdocs/prestashop/classes/controller/AdminController.php:2749)"} []
